<?xml version="1.0" encoding="UTF-8"?>
<testng-results ignored="0" total="13" passed="13" failed="0" skipped="0">
  <reporter-output>
  </reporter-output>
  <suite started-at="2023-05-30T09:40:28Z" name="Default suite" finished-at="2023-05-30T10:13:20Z" duration-ms="1971832">
    <groups>
      <group name="cucumber">
        <method signature="AbstractTestNGCucumberTests.runScenario(io.cucumber.testng.PickleEventWrapper, io.cucumber.testng.CucumberFeatureWrapper)[pri:0, instance:org.runner.Runner@67d18ed7]" name="runScenario" class="io.cucumber.testng.AbstractTestNGCucumberTests"/>
      </group> <!-- cucumber -->
    </groups>
    <test started-at="2023-05-30T09:40:28Z" name="Default test" finished-at="2023-05-30T10:13:20Z" duration-ms="1971832">
      <class name="org.runner.Runner">
        <test-method is-config="true" signature="allureReportCleanup()[pri:0, instance:org.runner.Runner@67d18ed7]" started-at="2023-05-30T09:40:24Z" name="allureReportCleanup" finished-at="2023-05-30T09:40:28Z" duration-ms="4066" status="PASS">
          <reporter-output>
          </reporter-output>
        </test-method> <!-- allureReportCleanup -->
        <test-method is-config="true" signature="setUpClass()[pri:0, instance:org.runner.Runner@67d18ed7]" started-at="2023-05-30T09:40:28Z" name="setUpClass" finished-at="2023-05-30T09:40:29Z" duration-ms="628" status="PASS">
          <reporter-output>
          </reporter-output>
        </test-method> <!-- setUpClass -->
        <test-method signature="runScenario(io.cucumber.testng.PickleEventWrapper, io.cucumber.testng.CucumberFeatureWrapper)[pri:0, instance:org.runner.Runner@67d18ed7]" started-at="2023-05-30T09:40:29Z" name="runScenario" description="Runs Cucumber Scenarios" data-provider="scenarios" finished-at="2023-05-30T09:40:39Z" duration-ms="10289" status="PASS">
          <params>
            <param index="0">
              <value>
                <![CDATA["To Validate SalesIntel Orchestration Login Functionality"]]>
              </value>
            </param>
            <param index="1">
              <value>
                <![CDATA["Validate Application SalesIntel Orchestration Login Page"]]>
              </value>
            </param>
          </params>
          <reporter-output>
          </reporter-output>
        </test-method> <!-- runScenario -->
        <test-method signature="runScenario(io.cucumber.testng.PickleEventWrapper, io.cucumber.testng.CucumberFeatureWrapper)[pri:0, instance:org.runner.Runner@67d18ed7]" started-at="2023-05-30T09:40:39Z" name="runScenario" description="Runs Cucumber Scenarios" data-provider="scenarios" finished-at="2023-05-30T09:40:41Z" duration-ms="2149" status="PASS">
          <params>
            <param index="0">
              <value>
                <![CDATA["To Validate SalesIntel Orchestration Logout Functionality"]]>
              </value>
            </param>
            <param index="1">
              <value>
                <![CDATA["Validate Application SalesIntel Orchestration Login Page"]]>
              </value>
            </param>
          </params>
          <reporter-output>
          </reporter-output>
        </test-method> <!-- runScenario -->
        <test-method signature="runScenario(io.cucumber.testng.PickleEventWrapper, io.cucumber.testng.CucumberFeatureWrapper)[pri:0, instance:org.runner.Runner@67d18ed7]" started-at="2023-05-30T09:40:41Z" name="runScenario" description="Runs Cucumber Scenarios" data-provider="scenarios" finished-at="2023-05-30T09:40:47Z" duration-ms="5291" status="PASS">
          <params>
            <param index="0">
              <value>
                <![CDATA["To Validate SalesIntel Orchestration Login Functionality"]]>
              </value>
            </param>
            <param index="1">
              <value>
                <![CDATA["Validate Application SalesIntel Orchestration Upload And Verify The Details"]]>
              </value>
            </param>
          </params>
          <reporter-output>
          </reporter-output>
        </test-method> <!-- runScenario -->
        <test-method signature="runScenario(io.cucumber.testng.PickleEventWrapper, io.cucumber.testng.CucumberFeatureWrapper)[pri:0, instance:org.runner.Runner@67d18ed7]" started-at="2023-05-30T09:40:47Z" name="runScenario" description="Runs Cucumber Scenarios" data-provider="scenarios" finished-at="2023-05-30T09:41:12Z" duration-ms="24983" status="PASS">
          <params>
            <param index="0">
              <value>
                <![CDATA["To Validate SalesIntel Orchestration Upload CSV File Functionality"]]>
              </value>
            </param>
            <param index="1">
              <value>
                <![CDATA["Validate Application SalesIntel Orchestration Upload And Verify The Details"]]>
              </value>
            </param>
          </params>
          <reporter-output>
          </reporter-output>
        </test-method> <!-- runScenario -->
        <test-method signature="runScenario(io.cucumber.testng.PickleEventWrapper, io.cucumber.testng.CucumberFeatureWrapper)[pri:0, instance:org.runner.Runner@67d18ed7]" started-at="2023-05-30T09:41:12Z" name="runScenario" description="Runs Cucumber Scenarios" data-provider="scenarios" finished-at="2023-05-30T09:41:32Z" duration-ms="20068" status="PASS">
          <params>
            <param index="0">
              <value>
                <![CDATA["To Validate SalesIntel Orchestration Uploaded CSV File Functionality After Submitting"]]>
              </value>
            </param>
            <param index="1">
              <value>
                <![CDATA["Validate Application SalesIntel Orchestration Upload And Verify The Details"]]>
              </value>
            </param>
          </params>
          <reporter-output>
          </reporter-output>
        </test-method> <!-- runScenario -->
        <test-method signature="runScenario(io.cucumber.testng.PickleEventWrapper, io.cucumber.testng.CucumberFeatureWrapper)[pri:0, instance:org.runner.Runner@67d18ed7]" started-at="2023-05-30T09:41:32Z" name="runScenario" description="Runs Cucumber Scenarios" data-provider="scenarios" finished-at="2023-05-30T09:41:51Z" duration-ms="19709" status="PASS">
          <params>
            <param index="0">
              <value>
                <![CDATA["To Validate SalesIntel Orchestration Search Activity Functionality"]]>
              </value>
            </param>
            <param index="1">
              <value>
                <![CDATA["Validate Application SalesIntel Orchestration Upload And Verify The Details"]]>
              </value>
            </param>
          </params>
          <reporter-output>
          </reporter-output>
        </test-method> <!-- runScenario -->
        <test-method signature="runScenario(io.cucumber.testng.PickleEventWrapper, io.cucumber.testng.CucumberFeatureWrapper)[pri:0, instance:org.runner.Runner@67d18ed7]" started-at="2023-05-30T09:41:51Z" name="runScenario" description="Runs Cucumber Scenarios" data-provider="scenarios" finished-at="2023-05-30T09:41:58Z" duration-ms="6269" status="PASS">
          <params>
            <param index="0">
              <value>
                <![CDATA["To Validate SalesIntel Orchestration Process Status Information Functionality"]]>
              </value>
            </param>
            <param index="1">
              <value>
                <![CDATA["Validate Application SalesIntel Orchestration Upload And Verify The Details"]]>
              </value>
            </param>
          </params>
          <reporter-output>
          </reporter-output>
        </test-method> <!-- runScenario -->
        <test-method signature="runScenario(io.cucumber.testng.PickleEventWrapper, io.cucumber.testng.CucumberFeatureWrapper)[pri:0, instance:org.runner.Runner@67d18ed7]" started-at="2023-05-30T09:41:58Z" name="runScenario" description="Runs Cucumber Scenarios" data-provider="scenarios" finished-at="2023-05-30T09:52:24Z" duration-ms="625965" status="PASS">
          <params>
            <param index="0">
              <value>
                <![CDATA["To Validate SalesIntel Orchestration Search Functionality"]]>
              </value>
            </param>
            <param index="1">
              <value>
                <![CDATA["Validate Application SalesIntel Orchestration Upload And Verify The Details"]]>
              </value>
            </param>
          </params>
          <reporter-output>
          </reporter-output>
        </test-method> <!-- runScenario -->
        <test-method signature="runScenario(io.cucumber.testng.PickleEventWrapper, io.cucumber.testng.CucumberFeatureWrapper)[pri:0, instance:org.runner.Runner@67d18ed7]" started-at="2023-05-30T09:52:24Z" name="runScenario" description="Runs Cucumber Scenarios" data-provider="scenarios" finished-at="2023-05-30T09:57:44Z" duration-ms="319916" status="PASS">
          <params>
            <param index="0">
              <value>
                <![CDATA["To Validate SalesIntel Orchestration Search Activity After Submitting the Tasks and 5 minutes of wait Functionality"]]>
              </value>
            </param>
            <param index="1">
              <value>
                <![CDATA["Validate Application SalesIntel Orchestration Upload And Verify The Details"]]>
              </value>
            </param>
          </params>
          <reporter-output>
          </reporter-output>
        </test-method> <!-- runScenario -->
        <test-method signature="runScenario(io.cucumber.testng.PickleEventWrapper, io.cucumber.testng.CucumberFeatureWrapper)[pri:0, instance:org.runner.Runner@67d18ed7]" started-at="2023-05-30T09:57:44Z" name="runScenario" description="Runs Cucumber Scenarios" data-provider="scenarios" finished-at="2023-05-30T09:57:50Z" duration-ms="6359" status="PASS">
          <params>
            <param index="0">
              <value>
                <![CDATA["To Validate SalesIntel Orchestration Process Status Information After Submitting the Tasks and 5 minutes of wait Functionality"]]>
              </value>
            </param>
            <param index="1">
              <value>
                <![CDATA["Validate Application SalesIntel Orchestration Upload And Verify The Details"]]>
              </value>
            </param>
          </params>
          <reporter-output>
          </reporter-output>
        </test-method> <!-- runScenario -->
        <test-method signature="runScenario(io.cucumber.testng.PickleEventWrapper, io.cucumber.testng.CucumberFeatureWrapper)[pri:0, instance:org.runner.Runner@67d18ed7]" started-at="2023-05-30T09:57:50Z" name="runScenario" description="Runs Cucumber Scenarios" data-provider="scenarios" finished-at="2023-05-30T10:13:12Z" duration-ms="922369" status="PASS">
          <params>
            <param index="0">
              <value>
                <![CDATA["To Validate SalesIntel Orchestration Search Activity After Submitting the Tasks and 15 minutes of wait Functionality"]]>
              </value>
            </param>
            <param index="1">
              <value>
                <![CDATA["Validate Application SalesIntel Orchestration Upload And Verify The Details"]]>
              </value>
            </param>
          </params>
          <reporter-output>
          </reporter-output>
        </test-method> <!-- runScenario -->
        <test-method signature="runScenario(io.cucumber.testng.PickleEventWrapper, io.cucumber.testng.CucumberFeatureWrapper)[pri:0, instance:org.runner.Runner@67d18ed7]" started-at="2023-05-30T10:13:12Z" name="runScenario" description="Runs Cucumber Scenarios" data-provider="scenarios" finished-at="2023-05-30T10:13:19Z" duration-ms="6291" status="PASS">
          <params>
            <param index="0">
              <value>
                <![CDATA["To Validate SalesIntel Orchestration Process Status Information After Submitting the Tasks and 15 minutes of wait Functionality"]]>
              </value>
            </param>
            <param index="1">
              <value>
                <![CDATA["Validate Application SalesIntel Orchestration Upload And Verify The Details"]]>
              </value>
            </param>
          </params>
          <reporter-output>
          </reporter-output>
        </test-method> <!-- runScenario -->
        <test-method signature="runScenario(io.cucumber.testng.PickleEventWrapper, io.cucumber.testng.CucumberFeatureWrapper)[pri:0, instance:org.runner.Runner@67d18ed7]" started-at="2023-05-30T10:13:19Z" name="runScenario" description="Runs Cucumber Scenarios" data-provider="scenarios" finished-at="2023-05-30T10:13:19Z" duration-ms="529" status="PASS">
          <params>
            <param index="0">
              <value>
                <![CDATA["To Validate SalesIntel Orchestration Logout Functionality"]]>
              </value>
            </param>
            <param index="1">
              <value>
                <![CDATA["Validate Application SalesIntel Orchestration Upload And Verify The Details"]]>
              </value>
            </param>
          </params>
          <reporter-output>
          </reporter-output>
        </test-method> <!-- runScenario -->
        <test-method is-config="true" signature="tearDownClass()[pri:0, instance:org.runner.Runner@67d18ed7]" started-at="2023-05-30T10:13:19Z" name="tearDownClass" finished-at="2023-05-30T10:13:20Z" duration-ms="944" status="PASS">
          <reporter-output>
          </reporter-output>
        </test-method> <!-- tearDownClass -->
        <test-method is-config="true" signature="cucumberReportGenerate()[pri:0, instance:org.runner.Runner@67d18ed7]" started-at="2023-05-30T10:13:20Z" name="cucumberReportGenerate" finished-at="2023-05-30T10:13:22Z" duration-ms="1748" status="PASS">
          <reporter-output>
          </reporter-output>
        </test-method> <!-- cucumberReportGenerate -->
      </class> <!-- org.runner.Runner -->
    </test> <!-- Default test -->
  </suite> <!-- Default suite -->
</testng-results>
